{
  "stats": {
    "suites": 1,
    "tests": 6,
    "passes": 6,
    "pending": 0,
    "failures": 0,
    "start": "2019-11-03T16:19:00.399Z",
    "end": "2019-11-03T16:19:39.441Z",
    "duration": 39042,
    "testsRegistered": 6,
    "passPercent": 100,
    "pendingPercent": 0,
    "other": 0,
    "hasOther": false,
    "skipped": 0,
    "hasSkipped": false,
    "passPercentClass": "success",
    "pendingPercentClass": "danger"
  },
  "suites": {
    "uuid": "2cdd2c38-5b26-4eed-a4fe-433f0da52883",
    "title": "",
    "fullFile": "",
    "file": "",
    "beforeHooks": [],
    "afterHooks": [],
    "tests": [],
    "suites": [
      {
        "uuid": "2b59c364-5fb8-45e6-87e9-2a8207d27ec3",
        "title": "Login Test",
        "fullFile": "C:\\Users\\ACER\\Desktop\\WebDriverJs-PageObjectModel\\test\\loginPage.spec.js",
        "file": "\\test\\loginPage.spec.js",
        "beforeHooks": [
          {
            "title": "\"before all\" hook",
            "fullTitle": "Login Test \"before all\" hook",
            "timedOut": false,
            "duration": 20793,
            "pass": false,
            "fail": false,
            "pending": false,
            "code": "driver = DriverManager.buildDriver();\nloginPage = new LoginPage(driver);\nawait loginPage.visit(baseUrl);\nawait loginPage.openApp();",
            "err": {},
            "isRoot": false,
            "uuid": "ddf7e15e-2e84-4893-9e93-e8544e175d2c",
            "isHook": true,
            "skipped": false
          }
        ],
        "afterHooks": [
          {
            "title": "\"after all\" hook",
            "fullTitle": "Login Test \"after all\" hook",
            "timedOut": false,
            "duration": 592,
            "pass": false,
            "fail": false,
            "pending": false,
            "code": "await loginPage.quit();",
            "err": {},
            "isRoot": false,
            "uuid": "70f1b0dc-b40c-4085-9cf5-69b2af793a03",
            "isHook": true,
            "skipped": false
          }
        ],
        "tests": [
          {
            "title": "Enter user email address in the email field and check the field is enabled",
            "fullTitle": "Login Test Enter user email address in the email field and check the field is enabled",
            "timedOut": false,
            "duration": 658,
            "state": "passed",
            "speed": "slow",
            "pass": true,
            "fail": false,
            "pending": false,
            "code": "let isEnabled = await loginPage.userEmail();\nexpect(isEnabled).to.be.true;",
            "err": {},
            "isRoot": false,
            "uuid": "d27c2d95-2266-4f9e-9d7e-51984081923e",
            "isHook": false,
            "skipped": false
          },
          {
            "title": "Enter user password in the password field and check the field is enabled",
            "fullTitle": "Login Test Enter user password in the password field and check the field is enabled",
            "timedOut": false,
            "duration": 521,
            "state": "passed",
            "speed": "slow",
            "pass": true,
            "fail": false,
            "pending": false,
            "code": "let isEnabled = await loginPage.userPassword();\nexpect(isEnabled).to.be.true;",
            "err": {},
            "isRoot": false,
            "uuid": "01bd1960-d7d3-458f-8df9-a323a475ce7c",
            "isHook": false,
            "skipped": false
          },
          {
            "title": "Verify sign in button state is enabled",
            "fullTitle": "Login Test Verify sign in button state is enabled",
            "timedOut": false,
            "duration": 294,
            "state": "passed",
            "speed": "slow",
            "pass": true,
            "fail": false,
            "pending": false,
            "code": "const result = await loginPage.signInButton();\nexpect(result.text).to.equal(buttonText);\nexpect(result.state).to.be.true;",
            "err": {},
            "isRoot": false,
            "uuid": "58249d6e-86ea-4b91-b6c0-585d8c29aec3",
            "isHook": false,
            "skipped": false
          },
          {
            "title": "Click on sign in button and verify the url",
            "fullTitle": "Login Test Click on sign in button and verify the url",
            "timedOut": false,
            "duration": 11831,
            "state": "passed",
            "speed": "slow",
            "pass": true,
            "fail": false,
            "pending": false,
            "code": "const url = await loginPage.clicksignInButton();\nexpect(url).to.equal(loginUrl);",
            "err": {},
            "isRoot": false,
            "uuid": "5bee87ad-0d14-4ead-a7d3-3485102569d0",
            "isHook": false,
            "skipped": false
          },
          {
            "title": "Check the title of the page",
            "fullTitle": "Login Test Check the title of the page",
            "timedOut": false,
            "duration": 25,
            "state": "passed",
            "speed": "fast",
            "pass": true,
            "fail": false,
            "pending": false,
            "code": "const getTitle = await loginPage.getTitle();\nexpect(getTitle).to.include(title);",
            "err": {},
            "isRoot": false,
            "uuid": "01a570f3-037e-48a3-9cae-ace790fbefc0",
            "isHook": false,
            "skipped": false
          },
          {
            "title": "Take a screenshot after user logged in to the application",
            "fullTitle": "Login Test Take a screenshot after user logged in to the application",
            "timedOut": false,
            "duration": 3708,
            "state": "passed",
            "speed": "slow",
            "pass": true,
            "fail": false,
            "pending": false,
            "code": "return await loginPage.takeScreenShot().then(data => {\n let screenshotPath = `Screenshots/${timestamp}.png`;\n  console.log(`Saving Screenshot as: ${screenshotPath}`);\n  fs.writeFileSync(screenshotPath, data, \"base64\");\n});",
            "err": {},
            "isRoot": false,
            "uuid": "291970a5-e625-43bc-85f2-cfe7e6dcd100",
            "isHook": false,
            "skipped": false
          }
        ],
        "suites": [],
        "passes": [
          "d27c2d95-2266-4f9e-9d7e-51984081923e",
          "01bd1960-d7d3-458f-8df9-a323a475ce7c",
          "58249d6e-86ea-4b91-b6c0-585d8c29aec3",
          "5bee87ad-0d14-4ead-a7d3-3485102569d0",
          "01a570f3-037e-48a3-9cae-ace790fbefc0",
          "291970a5-e625-43bc-85f2-cfe7e6dcd100"
        ],
        "failures": [],
        "pending": [],
        "skipped": [],
        "duration": 17037,
        "root": false,
        "rootEmpty": false,
        "_timeout": 50000
      }
    ],
    "passes": [],
    "failures": [],
    "pending": [],
    "skipped": [],
    "duration": 0,
    "root": true,
    "rootEmpty": true,
    "_timeout": 2000
  },
  "copyrightYear": 2019
}